TN:
SF:./src/client/app/app.module.js
FN:1,(anonymous_1)
FNF:1
FNH:1
FNDA:1,(anonymous_1)
DA:1,1
DA:5,1
LF:2
LH:2
BRF:0
BRH:0
end_of_record
TN:
SF:./src/client/app/blocks/exception/exception.module.js
FN:1,(anonymous_1)
FNF:1
FNH:1
FNDA:1,(anonymous_1)
DA:1,1
DA:4,1
LF:2
LH:2
BRF:0
BRH:0
end_of_record
TN:
SF:./src/client/app/blocks/logger/logger.module.js
FN:1,(anonymous_1)
FNF:1
FNH:1
FNDA:1,(anonymous_1)
DA:1,1
DA:4,1
LF:2
LH:2
BRF:0
BRH:0
end_of_record
TN:
SF:./src/client/app/blocks/router/router.module.js
FN:1,(anonymous_1)
FNF:1
FNH:1
FNDA:1,(anonymous_1)
DA:1,1
DA:4,1
LF:2
LH:2
BRF:0
BRH:0
end_of_record
TN:
SF:./src/client/app/core/core.module.js
FN:1,(anonymous_1)
FNF:1
FNH:1
FNDA:1,(anonymous_1)
DA:1,1
DA:4,1
LF:2
LH:2
BRF:0
BRH:0
end_of_record
TN:
SF:./src/client/app/customers/customers.module.js
FN:1,(anonymous_1)
FNF:1
FNH:1
FNDA:1,(anonymous_1)
DA:1,1
DA:4,1
LF:2
LH:2
BRF:0
BRH:0
end_of_record
TN:
SF:./src/client/app/dashboard/dashboard.module.js
FN:1,(anonymous_1)
FNF:1
FNH:1
FNDA:1,(anonymous_1)
DA:1,1
DA:4,1
LF:2
LH:2
BRF:0
BRH:0
end_of_record
TN:
SF:./src/client/app/layout/layout.module.js
FN:1,(anonymous_1)
FNF:1
FNH:1
FNDA:1,(anonymous_1)
DA:1,1
DA:4,1
LF:2
LH:2
BRF:0
BRH:0
end_of_record
TN:
SF:./src/client/app/widgets/widgets.module.js
FN:1,(anonymous_1)
FNF:1
FNH:1
FNDA:1,(anonymous_1)
DA:1,1
DA:4,1
LF:2
LH:2
BRF:0
BRH:0
end_of_record
TN:
SF:./src/client/app/blocks/exception/exception-handler.provider.js
FN:3,(anonymous_1)
FN:15,exceptionHandlerProvider
FN:21,(anonymous_3)
FN:25,(anonymous_4)
FN:38,config
FN:51,extendExceptionHandler
FN:52,(anonymous_7)
FNF:7
FNH:7
FNDA:1,(anonymous_1)
FNDA:52,exceptionHandlerProvider
FNDA:50,(anonymous_3)
FNDA:54,(anonymous_4)
FNDA:52,config
FNDA:52,extendExceptionHandler
FNDA:1,(anonymous_7)
DA:3,1
DA:6,1
DA:15,1
DA:17,52
DA:21,52
DA:22,50
DA:25,52
DA:26,54
DA:30,1
DA:38,1
DA:39,52
DA:49,1
DA:51,1
DA:52,52
DA:53,1
DA:54,1
DA:55,1
DA:56,1
DA:66,0
LF:19
LH:18
BRDA:53,1,0,1
BRDA:53,1,1,0
BRF:2
BRH:1
end_of_record
TN:
SF:./src/client/app/blocks/exception/exception.js
FN:1,(anonymous_1)
FN:10,exception
FN:16,catcher
FN:17,(anonymous_4)
FNF:4
FNH:3
FNDA:1,(anonymous_1)
FNDA:28,exception
FNDA:8,catcher
FNDA:0,(anonymous_4)
DA:1,1
DA:4,1
DA:8,1
DA:10,1
DA:11,28
DA:14,28
DA:16,1
DA:17,8
DA:18,0
LF:9
LH:8
BRF:0
BRH:0
end_of_record
TN:
SF:./src/client/app/blocks/logger/logger.js
FN:1,(anonymous_1)
FN:10,logger
FN:26,error
FN:31,info
FN:36,success
FN:41,warning
FNF:6
FNH:4
FNDA:1,(anonymous_1)
FNDA:52,logger
FNDA:0,error
FNDA:23,info
FNDA:3,success
FNDA:0,warning
DA:1,1
DA:4,1
DA:8,1
DA:10,1
DA:11,52
DA:23,52
DA:26,1
DA:27,0
DA:28,0
DA:31,1
DA:32,23
DA:33,23
DA:36,1
DA:37,3
DA:38,3
DA:41,1
DA:42,0
DA:43,0
LF:18
LH:14
BRF:0
BRH:0
end_of_record
TN:
SF:./src/client/app/blocks/router/router-helper.provider.js
FN:2,(anonymous_1)
FN:11,routerHelperProvider
FN:20,(anonymous_3)
FN:27,RouterHelper
FN:47,configureStates
FN:48,(anonymous_6)
FN:59,handleRoutingErrors
FN:64,(anonymous_8)
FN:74,formatErrorMessage
FN:86,init
FN:91,getStates
FN:93,updateDocTitle
FN:95,(anonymous_13)
FNF:13
FNH:11
FNDA:1,(anonymous_1)
FNDA:44,routerHelperProvider
FNDA:44,(anonymous_3)
FNDA:28,RouterHelper
FNDA:28,configureStates
FNDA:62,(anonymous_6)
FNDA:28,handleRoutingErrors
FNDA:0,(anonymous_8)
FNDA:0,formatErrorMessage
FNDA:28,init
FNDA:3,getStates
FNDA:28,updateDocTitle
FNDA:6,(anonymous_13)
DA:2,1
DA:5,1
DA:9,1
DA:11,1
DA:13,44
DA:18,44
DA:20,44
DA:21,44
DA:24,44
DA:25,44
DA:27,1
DA:28,28
DA:29,28
DA:30,28
DA:35,28
DA:41,28
DA:43,28
DA:47,1
DA:48,28
DA:49,62
DA:51,62
DA:53,28
DA:54,11
DA:55,11
DA:59,1
DA:63,28
DA:65,0
DA:66,0
DA:68,0
DA:69,0
DA:70,0
DA:71,0
DA:72,0
DA:74,1
DA:75,0
DA:77,0
DA:86,1
DA:87,28
DA:88,28
DA:91,3
DA:93,1
DA:94,28
DA:96,6
DA:97,6
DA:98,6
DA:99,6
LF:46
LH:37
BRDA:50,1,0,62
BRDA:50,1,1,62
BRDA:53,2,0,11
BRDA:53,2,1,17
BRDA:53,3,0,28
BRDA:53,3,1,11
BRDA:65,4,0,0
BRDA:65,4,1,0
BRDA:75,5,0,0
BRDA:75,5,1,0
BRDA:75,5,2,0
BRDA:75,5,3,0
BRDA:75,5,4,0
BRDA:77,6,0,0
BRDA:77,6,1,0
BRDA:77,6,2,0
BRDA:79,7,0,0
BRDA:79,7,1,0
BRDA:80,8,0,0
BRDA:80,8,1,0
BRDA:98,9,0,6
BRDA:98,9,1,0
BRF:22
BRH:7
end_of_record
TN:
SF:./src/client/app/core/config.js
FN:1,(anonymous_1)
FN:10,toastrConfig
FN:29,configure
FN:42,configureStateHelper
FN:50,ready
FNF:5
FNH:5
FNDA:1,(anonymous_1)
FNDA:44,toastrConfig
FNDA:44,configure
FNDA:44,configureStateHelper
FNDA:7,ready
DA:1,1
DA:4,1
DA:6,1
DA:8,1
DA:10,1
DA:11,44
DA:12,44
DA:15,1
DA:22,1
DA:24,1
DA:26,1
DA:29,1
DA:31,44
DA:34,44
DA:35,44
DA:37,44
DA:38,44
DA:42,1
DA:43,44
DA:47,44
DA:50,1
DA:51,7
DA:54,44
LF:23
LH:23
BRDA:34,1,0,44
BRDA:34,1,1,0
BRF:2
BRH:1
end_of_record
TN:
SF:./src/client/app/core/constants.js
FN:2,(anonymous_1)
FNF:1
FNH:1
FNDA:1,(anonymous_1)
DA:2,1
DA:5,1
LF:2
LH:2
BRF:0
BRH:0
end_of_record
TN:
SF:./src/client/app/core/dataservice.js
FN:1,(anonymous_1)
FN:10,dataservice
FN:21,getCustomer
FN:24,(anonymous_4)
FN:29,getCustomerComplete
FN:34,getCustomers
FN:37,(anonymous_7)
FN:42,getCustomersComplete
FN:47,getReady
FN:59,ready
FN:61,(anonymous_11)
FNF:11
FNH:7
FNDA:1,(anonymous_1)
FNDA:28,dataservice
FNDA:0,getCustomer
FNDA:0,(anonymous_4)
FNDA:0,getCustomerComplete
FNDA:2,getCustomers
FNDA:0,(anonymous_7)
FNDA:2,getCustomersComplete
FNDA:8,getReady
FNDA:8,ready
FNDA:8,(anonymous_11)
DA:1,1
DA:4,1
DA:8,1
DA:10,1
DA:11,28
DA:13,28
DA:19,28
DA:21,1
DA:22,0
DA:25,0
DA:26,0
DA:29,1
DA:30,0
DA:34,1
DA:35,2
DA:38,0
DA:39,0
DA:42,1
DA:43,2
DA:47,1
DA:48,8
DA:53,7
DA:54,7
DA:56,8
DA:59,1
DA:60,8
DA:62,8
LF:27
LH:21
BRDA:48,1,0,7
BRDA:48,1,1,1
BRDA:62,2,0,0
BRDA:62,2,1,8
BRF:4
BRH:3
end_of_record
TN:
SF:./src/client/app/customers/customer-detail.controller.js
FN:1,(anonymous_1)
FN:10,CustomerDetail
FN:22,activate
FN:23,(anonymous_4)
FN:28,cancel
FN:32,getCustomer
FN:33,(anonymous_7)
FN:40,goBack
FN:44,isUnchanged
FN:48,getFullName
FN:52,save
FNF:11
FNH:6
FNDA:1,(anonymous_1)
FNDA:7,CustomerDetail
FNDA:7,activate
FNDA:7,(anonymous_4)
FNDA:0,cancel
FNDA:7,getCustomer
FNDA:7,(anonymous_7)
FNDA:0,goBack
FNDA:0,isUnchanged
FNDA:0,getFullName
FNDA:0,save
DA:1,1
DA:4,1
DA:8,1
DA:10,1
DA:11,7
DA:12,7
DA:13,7
DA:14,7
DA:15,7
DA:16,7
DA:17,7
DA:18,7
DA:20,7
DA:22,1
DA:23,7
DA:24,7
DA:28,1
DA:29,0
DA:32,1
DA:33,7
DA:34,7
DA:35,7
DA:36,7
DA:40,1
DA:41,0
DA:44,1
DA:45,0
DA:48,1
DA:49,0
DA:52,1
DA:53,0
DA:54,0
LF:32
LH:26
BRDA:49,1,0,0
BRDA:49,1,1,0
BRF:2
BRH:0
end_of_record
TN:
SF:./src/client/app/customers/customers.controller.js
FN:1,(anonymous_1)
FN:10,Customers
FN:18,activate
FN:19,(anonymous_4)
FN:24,getCustomers
FN:25,(anonymous_6)
FN:31,gotoCustomer
FNF:7
FNH:6
FNDA:1,(anonymous_1)
FNDA:5,Customers
FNDA:5,activate
FNDA:5,(anonymous_4)
FNDA:5,getCustomers
FNDA:5,(anonymous_6)
FNDA:0,gotoCustomer
DA:1,1
DA:4,1
DA:8,1
DA:10,1
DA:11,5
DA:12,5
DA:13,5
DA:14,5
DA:16,5
DA:18,1
DA:19,5
DA:20,5
DA:24,1
DA:25,5
DA:26,5
DA:27,5
DA:31,1
DA:32,0
LF:18
LH:17
BRF:0
BRH:0
end_of_record
TN:
SF:./src/client/app/customers/customers.route.js
FN:1,(anonymous_1)
FN:10,appRun
FN:14,getStates
FNF:3
FNH:3
FNDA:1,(anonymous_1)
FNDA:17,appRun
FNDA:17,getStates
DA:1,1
DA:4,1
DA:8,1
DA:10,1
DA:11,17
DA:14,1
DA:15,17
LF:7
LH:7
BRF:0
BRH:0
end_of_record
TN:
SF:./src/client/app/dashboard/dashboard.controller.js
FN:1,(anonymous_1)
FN:9,Dashboard
FN:17,activate
FN:18,(anonymous_4)
FN:23,getCustomers
FN:24,(anonymous_6)
FN:30,gotoCustomer
FNF:7
FNH:6
FNDA:1,(anonymous_1)
FNDA:4,Dashboard
FNDA:4,activate
FNDA:4,(anonymous_4)
FNDA:4,getCustomers
FNDA:4,(anonymous_6)
FNDA:0,gotoCustomer
DA:1,1
DA:4,1
DA:8,1
DA:9,1
DA:10,4
DA:11,4
DA:12,4
DA:13,4
DA:15,4
DA:17,1
DA:18,4
DA:19,4
DA:23,1
DA:24,4
DA:25,4
DA:26,4
DA:30,1
DA:31,0
LF:18
LH:17
BRF:0
BRH:0
end_of_record
TN:
SF:./src/client/app/dashboard/dashboard.route.js
FN:1,(anonymous_1)
FN:10,appRun
FN:14,getStates
FNF:3
FNH:3
FNDA:1,(anonymous_1)
FNDA:8,appRun
FNDA:8,getStates
DA:1,1
DA:4,1
DA:8,1
DA:10,1
DA:11,8
DA:14,1
DA:15,8
LF:7
LH:7
BRF:0
BRH:0
end_of_record
TN:
SF:./src/client/app/layout/ht-sidebar.directive.js
FN:1,(anonymous_1)
FN:9,htSidebar
FN:26,link
FN:32,dropdown
FNF:4
FNH:4
FNDA:1,(anonymous_1)
FNDA:7,htSidebar
FNDA:7,link
FNDA:5,dropdown
DA:1,1
DA:4,1
DA:9,1
DA:16,7
DA:24,7
DA:26,1
DA:27,7
DA:28,7
DA:29,7
DA:30,7
DA:32,1
DA:33,5
DA:34,5
DA:35,5
DA:36,3
DA:37,3
DA:38,2
DA:39,2
DA:40,2
LF:19
LH:19
BRDA:35,1,0,3
BRDA:35,1,1,2
BRDA:38,2,0,2
BRDA:38,2,1,0
BRF:4
BRH:3
end_of_record
TN:
SF:./src/client/app/layout/ht-top-nav.directive.js
FN:1,(anonymous_1)
FN:9,htTopNav
FN:23,TopNavController
FNF:3
FNH:1
FNDA:1,(anonymous_1)
FNDA:0,htTopNav
FNDA:0,TopNavController
DA:1,1
DA:4,1
DA:9,1
DA:10,0
DA:23,1
DA:24,0
DA:27,0
LF:7
LH:4
BRF:0
BRH:0
end_of_record
TN:
SF:./src/client/app/layout/shell.controller.js
FN:1,(anonymous_1)
FN:10,Shell
FN:24,activate
FN:29,hideSplash
FN:31,(anonymous_5)
FNF:5
FNH:5
FNDA:1,(anonymous_1)
FNDA:3,Shell
FNDA:3,activate
FNDA:3,hideSplash
FNDA:1,(anonymous_5)
DA:1,1
DA:4,1
DA:8,1
DA:10,1
DA:11,3
DA:13,3
DA:14,3
DA:15,3
DA:16,3
DA:17,3
DA:22,3
DA:24,1
DA:25,3
DA:26,3
DA:29,1
DA:31,3
DA:32,1
LF:17
LH:17
BRF:0
BRH:0
end_of_record
TN:
SF:./src/client/app/layout/sidebar.controller.js
FN:1,(anonymous_1)
FN:10,Sidebar
FN:18,activate
FN:20,getNavRoutes
FN:21,(anonymous_5)
FN:23,(anonymous_6)
FN:28,isCurrent
FNF:7
FNH:6
FNDA:1,(anonymous_1)
FNDA:3,Sidebar
FNDA:3,activate
FNDA:3,getNavRoutes
FNDA:6,(anonymous_5)
FNDA:0,(anonymous_6)
FNDA:3,isCurrent
DA:1,1
DA:4,1
DA:8,1
DA:10,1
DA:11,3
DA:12,3
DA:13,3
DA:16,3
DA:18,3
DA:20,1
DA:21,3
DA:22,6
DA:24,0
DA:28,1
DA:29,3
DA:30,0
DA:32,3
DA:33,3
LF:18
LH:16
BRDA:22,1,0,6
BRDA:22,1,1,3
BRDA:29,2,0,0
BRDA:29,2,1,3
BRDA:29,3,0,3
BRDA:29,3,1,3
BRDA:29,3,2,3
BRDA:33,4,0,2
BRDA:33,4,1,1
BRF:9
BRH:8
end_of_record
TN:
SF:./src/client/app/widgets/ht-img-person.directive.js
FN:1,(anonymous_1)
FN:10,htImgPerson
FN:21,link
FN:22,(anonymous_4)
FNF:4
FNH:1
FNDA:1,(anonymous_1)
FNDA:0,htImgPerson
FNDA:0,link
FNDA:0,(anonymous_4)
DA:1,1
DA:4,1
DA:8,1
DA:10,1
DA:13,0
DA:14,0
DA:15,0
DA:19,0
DA:21,1
DA:22,0
DA:23,0
DA:24,0
LF:12
LH:5
BRDA:23,1,0,0
BRDA:23,1,1,0
BRF:2
BRH:0
end_of_record
TN:
SF:./src/client/app/widgets/ht-widget-header.directive.js
FN:1,(anonymous_1)
FN:9,htWidgetHeader
FNF:2
FNH:1
FNDA:1,(anonymous_1)
FNDA:0,htWidgetHeader
DA:1,1
DA:4,1
DA:9,1
DA:16,0
DA:26,0
LF:5
LH:3
BRF:0
BRH:0
end_of_record
